2025-08-01 01:01:25,716 [ERROR] AdobePublisher:162 - Exception while opening the connection: java.net.SocketTimeoutException: Connect timed out
2025-08-01 02:47:09,149 [ERROR] LogOutputStream:75 - [STDERR_REDIRECT] 
2025-08-01 02:47:09,150 [ERROR] LogOutputStream:75 - [STDERR_REDIRECT] 
2025-08-01 02:47:46,819 [INFO] Activator:176 - 


2025-08-01 02:47:46,822 [INFO] Activator:177 - !SESSION log4j initialized
2025-08-01 02:47:53,308 [INFO] LogOutputStream:77 - [STDOUT_REDIRECT] 
2025-08-01 02:47:54,905 [INFO] ApplicationProperties:184 - Using Application install path: C:\ST\STM32CubeIDE_1.19.0\STM32CubeIDE\plugins\com.st.stm32cube.common.mx_6.15.0.202507011659
2025-08-01 02:47:54,921 [INFO] DbMcusXml:78 - Set database path to: C:\ST\STM32CubeIDE_1.19.0\STM32CubeIDE\plugins\com.st.stm32cube.common.mx_6.15.0.202507011659\\db\/mcu/
2025-08-01 02:47:54,921 [INFO] ApiDb:274 - Set plugin database path to: C:\ST\STM32CubeIDE_1.19.0\STM32CubeIDE\plugins\com.st.stm32cube.common.mx_6.15.0.202507011659\\db\/plugins/boardmanager/
2025-08-01 02:47:54,922 [WARN] ApiDb:259 - Overriding images path with different value:  => C:\ST\STM32CubeIDE_1.19.0\STM32CubeIDE\plugins\com.st.stm32cube.common.mx_6.15.0.202507011659\\db\/plugins/mcufinder/images/
2025-08-01 02:47:54,934 [INFO] ApiDb:250 - Set database path to: C:\Users\USERIT\.stmcufinder\plugins\mcufinder//mcu/
2025-08-01 02:47:54,935 [INFO] DbMcusAds:125 - Set database path to: C:\Users\USERIT\.stmcufinder\plugins\mcufinder//mcu/
2025-08-01 02:47:54,937 [INFO] CrossReferenceDbSqlite:203 - Set database path to: C:\Users\USERIT\.stmcufinder\plugins\mcufinder//mcu/cs/
2025-08-01 02:47:55,060 [INFO] RulesReader:64 - Compatibility file has been processed (317 Rules)
2025-08-01 02:47:55,133 [INFO] DbMcusXml:78 - Set database path to: C:\ST\STM32CubeIDE_1.19.0\STM32CubeIDE\plugins\com.st.stm32cube.common.mx_6.15.0.202507011659\\db\/mcu/
2025-08-01 02:47:55,133 [INFO] ApiDb:274 - Set plugin database path to: C:\ST\STM32CubeIDE_1.19.0\STM32CubeIDE\plugins\com.st.stm32cube.common.mx_6.15.0.202507011659\\db\/plugins/boardmanager/
2025-08-01 02:47:55,133 [INFO] ApiDb:261 - Set plugin images path to: C:\ST\STM32CubeIDE_1.19.0\STM32CubeIDE\plugins\com.st.stm32cube.common.mx_6.15.0.202507011659\\db\/plugins/mcufinder/images/
2025-08-01 02:47:55,133 [WARN] DbFile:41 - Overriding database path with different value: C:\Users\USERIT\.stmcufinder\plugins\mcufinder/ => C:\Users\USERIT\.stmcufinder\plugins\mcufinder
2025-08-01 02:47:55,133 [INFO] ApiDb:250 - Set database path to: C:\Users\USERIT\.stmcufinder\plugins\mcufinder//mcu/
2025-08-01 02:47:55,133 [WARN] DbFile:41 - Overriding database path with different value: C:\Users\USERIT\.stmcufinder\plugins\mcufinder/ => C:\Users\USERIT\.stmcufinder\plugins\mcufinder
2025-08-01 02:47:55,134 [INFO] DbMcusAds:125 - Set database path to: C:\Users\USERIT\.stmcufinder\plugins\mcufinder//mcu/
2025-08-01 02:47:55,134 [WARN] DbFile:41 - Overriding database path with different value: C:\Users\USERIT\.stmcufinder\plugins\mcufinder/ => C:\Users\USERIT\.stmcufinder\plugins\mcufinder
2025-08-01 02:47:55,134 [WARN] DbFile:41 - Overriding database path with different value: C:\Users\USERIT\.stmcufinder\plugins\mcufinder/ => C:\Users\USERIT\.stmcufinder\plugins\mcufinder
2025-08-01 02:47:55,134 [INFO] CrossReferenceDbSqlite:203 - Set database path to: C:\Users\USERIT\.stmcufinder\plugins\mcufinder//mcu/cs/
2025-08-01 02:47:55,213 [INFO] MainPanel:274 - HeapMemory: 268435456
2025-08-01 02:47:55,344 [INFO] DbMcusXml:78 - Set database path to: C:\ST\STM32CubeIDE_1.19.0\STM32CubeIDE\plugins\com.st.stm32cube.common.mx_6.15.0.202507011659\\db\/mcu/
2025-08-01 02:47:55,344 [INFO] ApiDb:274 - Set plugin database path to: C:\ST\STM32CubeIDE_1.19.0\STM32CubeIDE\plugins\com.st.stm32cube.common.mx_6.15.0.202507011659\\db\/plugins/boardmanager/
2025-08-01 02:47:55,345 [INFO] ApiDb:261 - Set plugin images path to: C:\ST\STM32CubeIDE_1.19.0\STM32CubeIDE\plugins\com.st.stm32cube.common.mx_6.15.0.202507011659\\db\/plugins/mcufinder/images/
2025-08-01 02:47:55,345 [WARN] DbFile:41 - Overriding database path with different value: C:\Users\USERIT\.stmcufinder\plugins\mcufinder/ => C:\Users\USERIT\.stmcufinder\plugins\mcufinder
2025-08-01 02:47:55,345 [INFO] ApiDb:250 - Set database path to: C:\Users\USERIT\.stmcufinder\plugins\mcufinder//mcu/
2025-08-01 02:47:55,345 [WARN] DbFile:41 - Overriding database path with different value: C:\Users\USERIT\.stmcufinder\plugins\mcufinder/ => C:\Users\USERIT\.stmcufinder\plugins\mcufinder
2025-08-01 02:47:55,345 [INFO] DbMcusAds:125 - Set database path to: C:\Users\USERIT\.stmcufinder\plugins\mcufinder//mcu/
2025-08-01 02:47:55,345 [WARN] DbFile:41 - Overriding database path with different value: C:\Users\USERIT\.stmcufinder\plugins\mcufinder/ => C:\Users\USERIT\.stmcufinder\plugins\mcufinder
2025-08-01 02:47:55,345 [WARN] DbFile:41 - Overriding database path with different value: C:\Users\USERIT\.stmcufinder\plugins\mcufinder/ => C:\Users\USERIT\.stmcufinder\plugins\mcufinder
2025-08-01 02:47:55,345 [INFO] CrossReferenceDbSqlite:203 - Set database path to: C:\Users\USERIT\.stmcufinder\plugins\mcufinder//mcu/cs/
2025-08-01 02:47:55,365 [INFO] ApplicationProperties:184 - Using Application install path: C:\ST\STM32CubeIDE_1.19.0\STM32CubeIDE\plugins\com.st.stm32cube.common.mx_6.15.0.202507011659
2025-08-01 02:47:55,366 [INFO] PluginManage:196 - Search for loadable plugins [exclusion list=, ]
2025-08-01 02:47:55,367 [INFO] PluginManage:310 - Check plugin analytics
2025-08-01 02:47:55,531 [INFO] AnalyticsPlugin:253 - Accepted Software Licenses: 
2025-08-01 02:47:55,531 [INFO] AnalyticsPlugin:255 - Accepted CMSIS Pack Licenses: 
2025-08-01 02:47:55,531 [INFO] AnalyticsPlugin:257 - Accepted Firmware Licenses: FW.F7.1.17.0
2025-08-01 02:47:55,535 [INFO] PluginManage:359 - Loaded plugin analytics (category:tool,tabindex:-1)
2025-08-01 02:47:55,535 [INFO] PluginManage:310 - Check plugin cadmodel
2025-08-01 02:47:55,554 [INFO] CADModel:105 - Init CAD model plugin
2025-08-01 02:47:55,554 [INFO] PluginManage:359 - Loaded plugin cadmodel (category:power,tabindex:5)
2025-08-01 02:47:55,554 [INFO] PluginManage:310 - Check plugin clock
2025-08-01 02:47:55,574 [INFO] PluginManage:359 - Loaded plugin clock (category:base,tabindex:2)
2025-08-01 02:47:55,574 [INFO] PluginManage:310 - Check plugin ddr
2025-08-01 02:47:55,576 [INFO] PluginManage:359 - Loaded plugin ddr (category:tool,tabindex:6)
2025-08-01 02:47:55,576 [INFO] PluginManage:310 - Check plugin filemanager
2025-08-01 02:47:55,732 [INFO] PluginManage:359 - Loaded plugin filemanager (category:base,tabindex:10)
2025-08-01 02:47:55,732 [INFO] PluginManage:310 - Check plugin ipmanager
2025-08-01 02:47:55,739 [INFO] PluginManage:359 - Loaded plugin ipmanager (category:base,tabindex:5)
2025-08-01 02:47:55,739 [INFO] PluginManage:310 - Check plugin lpbam
2025-08-01 02:47:55,756 [INFO] PluginManage:359 - Loaded plugin lpbam (category:base,tabindex:0)
2025-08-01 02:47:55,756 [INFO] PluginManage:310 - Check plugin memorymap
2025-08-01 02:47:55,781 [INFO] PluginManage:359 - Loaded plugin memorymap (category:base,tabindex:4)
2025-08-01 02:47:55,782 [INFO] PluginManage:310 - Check plugin pinoutandconfiguration
2025-08-01 02:47:55,798 [INFO] PluginManage:359 - Loaded plugin pinoutandconfiguration (category:base,tabindex:1)
2025-08-01 02:47:55,798 [INFO] PluginManage:310 - Check plugin pinoutconfig
2025-08-01 02:47:55,891 [WARN] SupportedApi:132 - Cannot load RTOS API schema: s4s-elt-must-match.1: The content of 'definitions' must match (annotation?, (simpleType | complexType)?, (unique | key | keyref)*)). A problem was found starting at: attribute.
2025-08-01 02:47:56,026 [INFO] PluginManage:359 - Loaded plugin pinoutconfig (category:base,tabindex:0)
2025-08-01 02:47:56,026 [INFO] PluginManage:310 - Check plugin power
2025-08-01 02:47:56,054 [INFO] PluginManage:359 - Loaded plugin power (category:power,tabindex:4)
2025-08-01 02:47:56,054 [INFO] PluginManage:310 - Check plugin projectmanager
2025-08-01 02:47:56,069 [INFO] PluginManage:359 - Loaded plugin projectmanager (category:projectmanager,tabindex:4)
2025-08-01 02:47:56,069 [INFO] PluginManage:310 - Check plugin rif
2025-08-01 02:47:56,092 [INFO] PluginManage:359 - Loaded plugin rif (category:base,tabindex:3)
2025-08-01 02:47:56,092 [INFO] PluginManage:310 - Check plugin thirdparty
2025-08-01 02:47:56,327 [INFO] PluginManage:359 - Loaded plugin thirdparty (category:base,tabindex:-1)
2025-08-01 02:47:56,327 [WARN] IntegrityCheckThread:84 - waiting for thirdparty lock release [integrity check]
2025-08-01 02:47:56,327 [INFO] PluginManage:310 - Check plugin tools
2025-08-01 02:47:56,327 [INFO] IntegrityCheckThread:86 - entering critical section [integrity check]
2025-08-01 02:47:56,327 [INFO] ThirdPartyUpdaterWithRetryManager:70 - Updater plugin not ready yet. [1/15]
2025-08-01 02:47:56,371 [INFO] PluginManage:359 - Loaded plugin tools (category:base,tabindex:7)
2025-08-01 02:47:56,371 [INFO] PluginManage:310 - Check plugin tutovideos
2025-08-01 02:47:56,631 [INFO] PluginManage:359 - Loaded plugin tutovideos (category:base,tabindex:-1)
2025-08-01 02:47:56,631 [INFO] PluginManage:310 - Check plugin updater
2025-08-01 02:47:56,648 [INFO] PluginManage:359 - Loaded plugin updater (category:base,tabindex:12)
2025-08-01 02:47:56,648 [INFO] PluginManage:310 - Check plugin userauth
2025-08-01 02:47:56,652 [INFO] UserAuth:118 - Init User Auth plugin
2025-08-01 02:47:56,653 [INFO] PluginManage:359 - Loaded plugin userauth (category:base,tabindex:14)
2025-08-01 02:47:56,654 [INFO] PluginManage:283 - PluginManage : Loaded plugins [18]
2025-08-01 02:47:56,847 [INFO] PinOutPanel:1589 - setPackage(No Configuration,No Configuration)
2025-08-01 02:47:56,928 [INFO] CADModel:165 - CPN selected for project level
2025-08-01 02:47:56,928 [INFO] CADModel:114 - Register for checkConnection events
2025-08-01 02:47:56,958 [INFO] IPUIPlugin:80 - create IPUIPlugin
2025-08-01 02:47:56,958 [INFO] PluginManager:220 - loadIPPluginJar : add adc
2025-08-01 02:47:57,010 [INFO] IPUIPlugin:80 - create IPUIPlugin
2025-08-01 02:47:57,010 [INFO] PluginManager:220 - loadIPPluginJar : add aes
2025-08-01 02:47:57,072 [INFO] IPUIPlugin:80 - create IPUIPlugin
2025-08-01 02:47:57,072 [INFO] PluginManager:220 - loadIPPluginJar : add can
2025-08-01 02:47:57,075 [INFO] IPUIPlugin:80 - create IPUIPlugin
2025-08-01 02:47:57,075 [INFO] PluginManager:220 - loadIPPluginJar : add comp
2025-08-01 02:47:57,120 [INFO] IPUIPlugin:80 - create IPUIPlugin
2025-08-01 02:47:57,120 [INFO] PluginManager:220 - loadIPPluginJar : add cryp
2025-08-01 02:47:57,134 [INFO] IPUIPlugin:80 - create IPUIPlugin
2025-08-01 02:47:57,134 [INFO] PluginManager:220 - loadIPPluginJar : add ddr_ctrl_phy
2025-08-01 02:47:57,173 [INFO] IPUIPlugin:80 - create IPUIPlugin
2025-08-01 02:47:57,173 [INFO] PluginManager:220 - loadIPPluginJar : add dfsdm
2025-08-01 02:47:57,189 [INFO] IPUIPlugin:80 - create IPUIPlugin
2025-08-01 02:47:57,189 [INFO] PluginManager:220 - loadIPPluginJar : add dma
2025-08-01 02:47:57,236 [INFO] IPUIPlugin:80 - create IPUIPlugin
2025-08-01 02:47:57,236 [INFO] PluginManager:220 - loadIPPluginJar : add dma3
2025-08-01 02:47:57,289 [INFO] IPUIPlugin:80 - create IPUIPlugin
2025-08-01 02:47:57,289 [INFO] PluginManager:220 - loadIPPluginJar : add extmemmanager
2025-08-01 02:47:57,314 [INFO] IPUIPlugin:80 - create IPUIPlugin
2025-08-01 02:47:57,314 [INFO] PluginManager:220 - loadIPPluginJar : add fatfs
2025-08-01 02:47:57,368 [INFO] IPUIPlugin:80 - create IPUIPlugin
2025-08-01 02:47:57,369 [INFO] PluginManager:220 - loadIPPluginJar : add fmc
2025-08-01 02:47:57,384 [INFO] IPUIPlugin:80 - create IPUIPlugin
2025-08-01 02:47:57,385 [INFO] PluginManager:220 - loadIPPluginJar : add freertos
2025-08-01 02:47:57,387 [INFO] IPUIPlugin:80 - create IPUIPlugin
2025-08-01 02:47:57,387 [INFO] PluginManager:220 - loadIPPluginJar : add genericplugin
2025-08-01 02:47:57,507 [INFO] IPUIPlugin:80 - create IPUIPlugin
2025-08-01 02:47:57,507 [INFO] PluginManager:220 - loadIPPluginJar : add gfxmmu
2025-08-01 02:47:57,649 [INFO] IPUIPlugin:80 - create IPUIPlugin
2025-08-01 02:47:57,650 [INFO] PluginManager:220 - loadIPPluginJar : add gic
2025-08-01 02:47:57,663 [INFO] IPUIPlugin:80 - create IPUIPlugin
2025-08-01 02:47:57,663 [INFO] PluginManager:220 - loadIPPluginJar : add gpio
2025-08-01 02:47:57,799 [INFO] IPUIPlugin:80 - create IPUIPlugin
2025-08-01 02:47:57,799 [INFO] PluginManager:220 - loadIPPluginJar : add gtzc
2025-08-01 02:47:57,803 [INFO] IPUIPlugin:80 - create IPUIPlugin
2025-08-01 02:47:57,804 [INFO] PluginManager:220 - loadIPPluginJar : add hash
2025-08-01 02:47:57,893 [INFO] IPUIPlugin:80 - create IPUIPlugin
2025-08-01 02:47:57,893 [INFO] PluginManager:220 - loadIPPluginJar : add i2c
2025-08-01 02:47:57,943 [INFO] IPUIPlugin:80 - create IPUIPlugin
2025-08-01 02:47:57,944 [INFO] PluginManager:220 - loadIPPluginJar : add i2s
2025-08-01 02:47:57,995 [INFO] IPUIPlugin:80 - create IPUIPlugin
2025-08-01 02:47:57,995 [INFO] PluginManager:220 - loadIPPluginJar : add i3c
2025-08-01 02:47:58,113 [INFO] IPUIPlugin:80 - create IPUIPlugin
2025-08-01 02:47:58,114 [INFO] PluginManager:220 - loadIPPluginJar : add ipddr
2025-08-01 02:47:58,217 [INFO] IPUIPlugin:80 - create IPUIPlugin
2025-08-01 02:47:58,218 [INFO] PluginManager:220 - loadIPPluginJar : add linkedlist
2025-08-01 02:47:58,258 [INFO] IPUIPlugin:80 - create IPUIPlugin
2025-08-01 02:47:58,259 [INFO] PluginManager:220 - loadIPPluginJar : add lorawan
2025-08-01 02:47:58,301 [INFO] IPUIPlugin:80 - create IPUIPlugin
2025-08-01 02:47:58,301 [INFO] PluginManager:220 - loadIPPluginJar : add ltdc
2025-08-01 02:47:58,317 [INFO] IPUIPlugin:80 - create IPUIPlugin
2025-08-01 02:47:58,317 [INFO] PluginManager:220 - loadIPPluginJar : add mdma
2025-08-01 02:47:58,331 [INFO] IPUIPlugin:80 - create IPUIPlugin
2025-08-01 02:47:58,332 [INFO] PluginManager:220 - loadIPPluginJar : add nvic
2025-08-01 02:47:58,398 [INFO] IPUIPlugin:80 - create IPUIPlugin
2025-08-01 02:47:58,398 [INFO] PluginManager:220 - loadIPPluginJar : add opamp
2025-08-01 02:47:58,500 [INFO] IPUIPlugin:80 - create IPUIPlugin
2025-08-01 02:47:58,500 [INFO] PluginManager:220 - loadIPPluginJar : add openamp
2025-08-01 02:47:58,555 [INFO] IPUIPlugin:80 - create IPUIPlugin
2025-08-01 02:47:58,555 [INFO] PluginManager:220 - loadIPPluginJar : add pdm2pcm
2025-08-01 02:47:58,571 [INFO] IPUIPlugin:80 - create IPUIPlugin
2025-08-01 02:47:58,573 [INFO] PluginManager:220 - loadIPPluginJar : add plateformsettings
2025-08-01 02:47:58,607 [INFO] IPUIPlugin:80 - create IPUIPlugin
2025-08-01 02:47:58,607 [INFO] PluginManager:220 - loadIPPluginJar : add quadspi
2025-08-01 02:47:58,638 [INFO] IPUIPlugin:80 - create IPUIPlugin
2025-08-01 02:47:58,638 [INFO] PluginManager:220 - loadIPPluginJar : add radio
2025-08-01 02:47:58,651 [INFO] IPUIPlugin:80 - create IPUIPlugin
2025-08-01 02:47:58,652 [INFO] PluginManager:220 - loadIPPluginJar : add resmgrutility
2025-08-01 02:47:58,701 [INFO] IPUIPlugin:80 - create IPUIPlugin
2025-08-01 02:47:58,701 [INFO] PluginManager:220 - loadIPPluginJar : add sai
2025-08-01 02:47:58,741 [INFO] IPUIPlugin:80 - create IPUIPlugin
2025-08-01 02:47:58,741 [INFO] PluginManager:220 - loadIPPluginJar : add spi
2025-08-01 02:47:58,821 [INFO] IPUIPlugin:80 - create IPUIPlugin
2025-08-01 02:47:58,821 [INFO] PluginManager:220 - loadIPPluginJar : add stm32_wpan
2025-08-01 02:47:58,847 [INFO] IPUIPlugin:80 - create IPUIPlugin
2025-08-01 02:47:58,847 [INFO] PluginManager:220 - loadIPPluginJar : add tim
2025-08-01 02:47:58,917 [INFO] IPUIPlugin:80 - create IPUIPlugin
2025-08-01 02:47:58,917 [INFO] PluginManager:220 - loadIPPluginJar : add touchsensing
2025-08-01 02:47:58,920 [INFO] IPUIPlugin:80 - create IPUIPlugin
2025-08-01 02:47:58,920 [INFO] PluginManager:220 - loadIPPluginJar : add tracer_emb
2025-08-01 02:47:58,962 [INFO] IPUIPlugin:80 - create IPUIPlugin
2025-08-01 02:47:58,962 [INFO] PluginManager:220 - loadIPPluginJar : add ts
2025-08-01 02:47:58,964 [INFO] IPUIPlugin:80 - create IPUIPlugin
2025-08-01 02:47:58,964 [INFO] PluginManager:220 - loadIPPluginJar : add tsc
2025-08-01 02:47:58,966 [INFO] IPUIPlugin:80 - create IPUIPlugin
2025-08-01 02:47:58,966 [INFO] PluginManager:220 - loadIPPluginJar : add ucpd
2025-08-01 02:47:59,025 [INFO] IPUIPlugin:80 - create IPUIPlugin
2025-08-01 02:47:59,025 [INFO] PluginManager:220 - loadIPPluginJar : add usart
2025-08-01 02:47:59,075 [INFO] IPUIPlugin:80 - create IPUIPlugin
2025-08-01 02:47:59,075 [INFO] PluginManager:220 - loadIPPluginJar : add usbx
2025-08-01 02:47:59,192 [FATAL] Updater:351 - Updater called before beeing initialized
2025-08-01 02:47:59,233 [INFO] RulesReader:64 - Compatibility file has been processed (317 Rules)
2025-08-01 02:47:59,242 [INFO] RulesReader:64 - Compatibility file has been processed (317 Rules)
2025-08-01 02:47:59,249 [INFO] CADModel:165 - CPN selected for project level
2025-08-01 02:47:59,249 [INFO] CADModel:114 - Register for checkConnection events
2025-08-01 02:47:59,249 [FATAL] Updater:351 - Updater called before beeing initialized
2025-08-01 02:47:59,249 [ERROR] CADModel:125 - Updater not yet initialized, retry later 
2025-08-01 02:47:59,328 [INFO] ThirdPartyUpdaterWithRetryManager:70 - Updater plugin not ready yet. [2/15]
2025-08-01 02:47:59,379 [FATAL] Updater:351 - Updater called before beeing initialized
2025-08-01 02:47:59,381 [INFO] CADModel:165 - CPN selected for project level
2025-08-01 02:47:59,381 [INFO] CADModel:114 - Register for checkConnection events
2025-08-01 02:47:59,381 [FATAL] Updater:351 - Updater called before beeing initialized
2025-08-01 02:47:59,381 [ERROR] CADModel:125 - Updater not yet initialized, retry later 
2025-08-01 02:47:59,384 [FATAL] Updater:351 - Updater called before beeing initialized
2025-08-01 02:47:59,473 [FATAL] Updater:351 - Updater called before beeing initialized
2025-08-01 02:47:59,477 [INFO] DbMcusAds:53 - JSON generation date=Tue Jul 08 15:14:23 ICT 2025 (1751962463562)
2025-08-01 02:47:59,477 [FATAL] Updater:351 - Updater called before beeing initialized
2025-08-01 02:47:59,511 [WARN] DetailPanel:346 - Failed to get advertising image, set to default
2025-08-01 02:47:59,620 [FATAL] Updater:351 - Updater called before beeing initialized
2025-08-01 02:47:59,622 [FATAL] Updater:351 - Updater called before beeing initialized
2025-08-01 02:47:59,622 [FATAL] Updater:351 - Updater called before beeing initialized
2025-08-01 02:47:59,622 [WARN] DetailPanel:346 - Failed to get advertising image, set to default
2025-08-01 02:47:59,624 [FATAL] Updater:351 - Updater called before beeing initialized
2025-08-01 02:47:59,677 [ERROR] Updater:1198 - MainUpdater not yet initialized. External WinMGr cannot be set.
2025-08-01 02:47:59,687 [INFO] Updater:1134 - Updater Version found : 6.15.0
2025-08-01 02:47:59,698 [INFO] ApplicationProperties:184 - Using Application install path: C:\ST\STM32CubeIDE_1.19.0\STM32CubeIDE\plugins\com.st.stm32cube.common.mx_6.15.0.202507011659
2025-08-01 02:48:01,273 [ERROR] LogOutputStream:75 - [STDERR_REDIRECT] Aug 01, 2025 2:48:01 AM java.util.prefs.WindowsPreferences <init>
2025-08-01 02:48:01,275 [ERROR] LogOutputStream:75 - [STDERR_REDIRECT] WARNING: Could not open/create prefs root node Software\JavaSoft\Prefs at root 0xffffffff80000002. Windows RegCreateKeyEx(...) returned error code 5.
2025-08-01 02:48:01,275 [ERROR] LogOutputStream:75 - [STDERR_REDIRECT] 
2025-08-01 02:48:01,574 [INFO] MainUpdater:2872 - connection check result : 10
2025-08-01 02:48:01,575 [INFO] MainUpdater:289 - Updater Check For Update Now.
2025-08-01 02:48:01,576 [INFO] MicroXplorer:498 - Change Database Version : DB.6.0.150
2025-08-01 02:48:01,603 [INFO] McuFinderGlobals:63 - Set McuFinder mode to 2 (CubeIDE integrated)
2025-08-01 02:48:01,605 [INFO] UserAuth:487 - Internet connection configuration mode: 1
2025-08-01 02:48:01,691 [INFO] JxBrowserEngine:152 - Initiate JxBrowser Engine with user profile folder
2025-08-01 02:48:01,906 [INFO] CheckServerUpdateThread:120 - End of CheckServer Thread
